<?xml version="1.0" encoding="UTF-8"?>
<!-- Generated by org.testng.reporters.JUnitReportReporter -->
<testsuite hostname="md2ajqyc" failures="0" tests="1" name="ATB.MasterATB.Driver" time="0.007" errors="0" timestamp="04 Sep 2022 16:39:21 GMT" skipped="0">
  <testcase classname="ATB.MasterATB.Driver" name="Test" time="0.007"/>
</testsuite> <!-- ATB.MasterATB.Driver -->
